app/build/outputs/mapping/release/seeds.txt
androidx.appcompat.widget.LinearLayoutCompat: LinearLayoutCompat(android.content.Context)
androidx.appcompat.R$dimen: int abc_progress_bar_height_material
androidx.appcompat.resources.R$styleable: int[] AnimatedStateListDrawableTransition
com.google.firebase.installations.local.PersistedInstallation$RegistrationStatus: com.google.firebase.installations.local.PersistedInstallation$RegistrationStatus valueOf(java.lang.String)
androidx.core.R$id: int accessibility_custom_action_11
com.google.android.gms.internal.firebase_ml.zzfk: boolean zzyo
com.gun0912.tedpermission.R$style: int TextAppearance_AppCompat_Headline
androidx.appcompat.R$style: int Base_Widget_AppCompat_Button_Borderless
androidx.appcompat.R$attr: int gapBetweenBars
com.google.android.gms.internal.vision.zzea$zzg: com.google.android.gms.internal.vision.zzil zzbd
androidx.appcompat.R$color: int background_floating_material_dark
androidx.constraintlayout.widget.R$styleable: int ConstraintLayout_Layout_layout_constrainedHeight
com.google.android.gms.internal.firebase_ml.zzvb$zzc: com.google.android.gms.internal.firebase_ml.zzvb$zzc zzcgc
androidx.appcompat.R$attr: int backgroundTint
com.google.android.gms.internal.firebase_ml.zzt: double zzap
com.google.android.gms.internal.vision.zzea$zzn: com.google.android.gms.internal.vision.zzea$zzc zzqb
com.google.android.gms.internal.firebase_ml.zzck: com.google.android.gms.internal.firebase_ml.zzda zzgx
androidx.appcompat.R$styleable: int AppCompatSeekBar_tickMarkTintMode
com.gun0912.tedpermission.R$style: int Widget_AppCompat_EditText
androidx.appcompat.widget.AppCompatImageView: android.content.res.ColorStateList getSupportBackgroundTintList()
com.google.firebase.ml.vision.objects.internal.zzb: zzb()
androidx.appcompat.R$styleable: int AppCompatTheme_listPreferredItemHeightSmall
androidx.appcompat.R$styleable: int AppCompatSeekBar_tickMarkTint
com.google.android.gms.vision.face.internal.client.FaceParcel: android.os.Parcelable$Creator CREATOR
com.google.android.gms.internal.firebase_ml.zzg: com.google.android.gms.internal.firebase_ml.zzyx zzh
com.google.android.gms.internal.firebase_ml.zzeu$zza: int zzxa
androidx.appcompat.R$style: int TextAppearance_Widget_AppCompat_Toolbar_Subtitle
com.gun0912.tedpermission.R$style: int Widget_AppCompat_SearchView
androidx.appcompat.R$styleable: int FontFamilyFont_fontVariationSettings
com.google.android.gms.internal.firebase_ml.zzut$zzt: int zzcfd
com.google.android.gms.internal.firebase_ml.zzaas$zzk: com.google.android.gms.internal.firebase_ml.zzaas$zzh zzcuu
com.google.android.libraries.vision.visionkit.pipeline.zzap: com.google.android.libraries.vision.visionkit.pipeline.zzap zzlk
com.google.android.libraries.vision.visionkit.pipeline.zzs: com.google.android.gms.internal.firebase_ml.zzyx zzh
com.google.android.gms.internal.firebase_ml.zzfc: int zzj
com.google.android.libraries.vision.visionkit.pipeline.zzcj
com.google.android.gms.internal.firebase_ml.zznq$zzb$zzb: com.google.android.gms.internal.firebase_ml.zznq$zza zzams
androidx.appcompat.widget.AppCompatSpinner: void setBackgroundDrawable(android.graphics.drawable.Drawable)
com.google.android.gms.internal.firebase_ml.zzy: boolean zzbf
androidx.appcompat.R$styleable: int AppCompatTextView_autoSizeTextType
com.google.android.gms.internal.firebase_ml.zzut$zzk: int zzbi
androidx.constraintlayout.widget.R$styleable: int ConstraintSet_android_minWidth
com.google.android.gms.internal.firebase_ml.zzafy: com.google.android.gms.internal.firebase_ml.zzafy zzdny
androidx.appcompat.widget.AppCompatSpinner: void setDropDownWidth(int)
com.example.detectcolor.Main2Activity
androidx.appcompat.R$id: int action_bar_title
com.gun0912.tedpermission.R$style: int Base_Widget_AppCompat_SearchView_ActionBar
androidx.appcompat.R$dimen: int notification_small_icon_size_as_large
androidx.appcompat.R$drawable: int abc_ic_star_half_black_48dp
androidx.vectordrawable.graphics.drawable.VectorDrawableCompat$VGroup: void setRotation(float)