app/build/outputs/mapping/release/mapping.txt
# compiler: R8
# compiler_version: 1.6.82
# min_api: 19
# pg_map_id: bf2d69c
# common_typos_disable
...
com.google.android.gms.internal.firebase_ml.zzaec -> b.c.a.a.g.e.q2:
    1:1:void com.google.android.gms.internal.firebase_ml.zzwz.zza(java.lang.Class,com.google.android.gms.internal.firebase_ml.zzwz):0:0 -> <clinit>
    1:1:void <clinit>():0 -> <clinit>
    1:1:com.google.android.gms.internal.firebase_ml.zzyy com.google.android.gms.internal.firebase_ml.zzyy.zzwg():0:0 -> <init>
    1:1:com.google.android.gms.internal.firebase_ml.zzxl com.google.android.gms.internal.firebase_ml.zzwz.zzus():0 -> <init>
    1:1:void <init>():0 -> <init>
    2:2:void <init>():0:0 -> <init>
    3:3:com.google.android.gms.internal.firebase_ml.zzyy com.google.android.gms.internal.firebase_ml.zzyy.zzwg():0:0 -> <init>
    3:3:com.google.android.gms.internal.firebase_ml.zzxl com.google.android.gms.internal.firebase_ml.zzwz.zzus():0 -> <init>
    3:3:void <init>():0 -> <init>
    4:4:void <init>():0:0 -> <init>
    1:1:java.lang.Object com.google.android.gms.internal.firebase_ml.zzwz.zza(com.google.android.gms.internal.firebase_ml.zzyk,java.lang.String,java.lang.Object[]):0:0 -> a
    1:1:java.lang.Object zza(int,java.lang.Object,java.lang.Object):0 -> a
    2:2:java.lang.Object zza(int,java.lang.Object,java.lang.Object):0:0 -> a
com.google.android.gms.internal.firebase_ml.zzaec$zza -> b.c.a.a.g.e.q2$a:
    1:1:com.google.android.gms.internal.firebase_ml.zzaec com.google.android.gms.internal.firebase_ml.zzaec.zzaae():0:0 -> <init>
    1:1:void <init>():0 -> <init>
    1:1:void <init>(com.google.android.gms.internal.firebase_ml.zzaed):0 -> <init>
    2:2:void <init>():0:0 -> <init>
    2:2:void <init>(com.google.android.gms.internal.firebase_ml.zzaed):0 -> <init>
com.google.android.gms.internal.firebase_ml.zzaec$zzb -> b.c.a.a.g.e.q2$b:
    1:1:void com.google.android.gms.internal.firebase_ml.zzwz.zza(java.lang.Class,com.google.android.gms.internal.firebase_ml.zzwz):0:0 -> <clinit>
    1:1:void <clinit>():0 -> <clinit>
    1:1:com.google.android.gms.internal.firebase_ml.zzyy com.google.android.gms.internal.firebase_ml.zzyy.zzwg():0:0 -> <init>
    1:1:com.google.android.gms.internal.firebase_ml.zzxl com.google.android.gms.internal.firebase_ml.zzwz.zzus():0 -> <init>
    1:1:void <init>():0 -> <init>
    2:2:void <init>():0:0 -> <init>
    1:1:java.lang.Object com.google.android.gms.internal.firebase_ml.zzwz.zza(com.google.android.gms.internal.firebase_ml.zzyk,java.lang.String,java.lang.Object[]):0:0 -> a
    1:1:java.lang.Object zza(int,java.lang.Object,java.lang.Object):0 -> a
    2:2:java.lang.Object zza(int,java.lang.Object,java.lang.Object):0:0 -> a
com.google.android.gms.internal.firebase_ml.zzaec$zzb$zza -> b.c.a.a.g.e.q2$b$a:
    1:1:com.google.android.gms.internal.firebase_ml.zzaec$zzb com.google.android.gms.internal.firebase_ml.zzaec$zzb.zzaaf():0:0 -> <init>
    1:1:void <init>():0 -> <init>
    1:1:void <init>(com.google.android.gms.internal.firebase_ml.zzaed):0 -> <init>
    2:2:void <init>():0:0 -> <init>
    2:2:void <init>(com.google.android.gms.internal.firebase_ml.zzaed):0 -> <init>
com.google.android.gms.internal.firebase_ml.zzaed -> b.c.a.a.g.e.r2:
    int[] zzi -> a
com.google.android.gms.internal.firebase_ml.zzaee -> b.c.a.a.g.e.s2:
    int[] zzi -> a
com.google.android.gms.internal.firebase_ml.zzaef -> b.c.a.a.g.e.t2:
    1:1:void com.google.android.gms.internal.firebase_ml.zzwz.zza(java.lang.Class,com.google.android.gms.internal.firebase_ml.zzwz):0:0 -> <clinit>
    1:1:void <clinit>():0 -> <clinit>
    1:1:java.lang.Object com.google.android.gms.internal.firebase_ml.zzwz.zza(com.google.android.gms.internal.firebase_ml.zzyk,java.lang.String,java.lang.Object[]):0:0 -> a
    1:1:java.lang.Object zza(int,java.lang.Object,java.lang.Object):0 -> a
    2:2:java.lang.Object zza(int,java.lang.Object,java.lang.Object):0:0 -> a