app/build/outputs/mapping/release/usage.txt
com.google.android.gms.internal.vision.zzhq:
    public static final com.google.android.gms.internal.vision.zzhq zzyp
com.google.android.gms.internal.firebase_ml.zzyy:
    public static com.google.android.gms.internal.firebase_ml.zzyy zzwg()
com.google.android.gms.internal.clearcut.zzfy:
    public static int hashCode(int[])
    public static int hashCode(long[])
    public static final java.nio.charset.Charset UTF_8
    public static final java.nio.charset.Charset ISO_8859_1
com.google.android.gms.internal.firebase_ml.zzfh$zzb$zza:
    public void <init>()
com.google.android.gms.internal.firebase_ml.zzde$zza:
    public void <init>()
com.google.android.libraries.vision.visionkit.pipeline.zzcg
com.google.android.gms.internal.clearcut.zzaa:
    public static boolean zzf()
com.google.firebase.iid.zzbg:
    public final com.google.android.gms.tasks.Task zza()
    public final synthetic void zzc()
com.google.firebase.installations.RandomFidGenerator:
    public static java.lang.String encodeFidBase64UrlSafe(byte[])
    public static byte[] getBytesFromUUID(java.util.UUID,byte[])
com.google.android.gms.internal.firebase_ml.zztr
com.google.android.gms.internal.clearcut.zzge$zzv$zzb:
    public static com.google.android.gms.internal.clearcut.zzge$zzv$zzb zzbc(int)
    public static final com.google.android.gms.internal.clearcut.zzck zzbq
com.google.android.gms.internal.firebase_ml.zzaco$zzb:
    public static synthetic com.google.android.gms.internal.firebase_ml.zzaco$zzb zzzf()
com.google.android.gms.flags.impl.zzk
androidx.core.graphics.PathParser$ExtractFloatResult
com.google.android.gms.clearcut.ClearcutLogger$zza:
    public abstract boolean zza(com.google.android.gms.clearcut.zze)
com.google.android.gms.internal.firebase_ml.zzbv
com.google.firebase.installations.FirebaseInstallations$$Lambda$5:
    public static java.lang.Runnable lambdaFactory$(com.google.firebase.installations.FirebaseInstallations,boolean)
com.google.android.gms.common.internal.ClientSettings:
    public final android.accounts.Account getAccount()
    public final android.accounts.Account getAccountOrDefault()
    public final java.util.Set getRequiredScopes()
    public final java.util.Set getAllRequestedScopes()
    public final java.lang.String getRealClientPackageName()
    public final java.lang.String getRealClientClassName()
    public final com.google.android.gms.signin.SignInOptions getSignInOptions()
    public final java.lang.Integer getClientSessionId()
    public final void setClientSessionId(java.lang.Integer)
    public final int zabt
    public final android.view.View zabu
    public final boolean zaby
androidx.core.provider.SelfDestructiveThread:
    public void postAndReply(java.util.concurrent.Callable,androidx.core.provider.SelfDestructiveThread$ReplyCallback)
com.google.android.gms.internal.vision.zzfk:
    private void constructor$com$google$android$gms$internal$vision$zzfm()
    private synthetic java.lang.Object next$com$google$android$gms$internal$vision$zzfm()
    private final void remove$com$google$android$gms$internal$vision$zzfm()
com.google.android.gms.internal.clearcut.zzcg:
    public static void zza(java.lang.Class,com.google.android.gms.internal.clearcut.zzcg)
    public static java.lang.Object zza(com.google.android.gms.internal.clearcut.zzdo,java.lang.String,java.lang.Object[])
    public static com.google.android.gms.internal.clearcut.zzcn zzbb()
    public static com.google.android.gms.internal.clearcut.zzcg zza(com.google.android.gms.internal.clearcut.zzcg,byte[])
    public static com.google.android.gms.internal.clearcut.zzcg zzb(com.google.android.gms.internal.clearcut.zzcg,byte[])
    public final int zzs()
    public final void zzf(int)
androidx.appcompat.widget.ContentFrameLayout:
    public void setDecorPadding(int,int,int,int)
androidx.appcompat.widget.AppCompatTextClassifierHelper:
    public void setTextClassifier(android.view.textclassifier.TextClassifier)